This file contains any messages produced by compilers while
running configure, to aid debugging if configure makes a mistake.

It was created by Capn Proto configure 0.10.3, which was
generated by GNU Autoconf 2.69.  Invocation command line was

  $ ./configure 

## --------- ##
## Platform. ##
## --------- ##

hostname = DESKTOP-43JRSFC
uname -m = x86_64
uname -r = 5.15.90.1-microsoft-standard-WSL2
uname -s = Linux
uname -v = #1 SMP Fri Jan 27 02:56:13 UTC 2023

/usr/bin/uname -p = x86_64
/bin/uname -X     = unknown

/bin/arch              = x86_64
/usr/bin/arch -k       = unknown
/usr/convex/getsysinfo = unknown
/usr/bin/hostinfo      = unknown
/bin/machine           = unknown
/usr/bin/oslevel       = unknown
/bin/universe          = unknown

PATH: /home/dane/.pyenv/shims
PATH: /home/dane/.vscode-server/bin/441438abd1ac652551dbe4d408dfcec8a499b8bf/bin/remote-cli
PATH: /home/dane/.local/bin
PATH: /home/dane/.pyenv/bin
PATH: /usr/local/sbin
PATH: /usr/local/bin
PATH: /usr/sbin
PATH: /usr/bin
PATH: /sbin
PATH: /bin
PATH: /usr/games
PATH: /usr/local/games
PATH: /usr/lib/wsl/lib
PATH: /mnt/c/Users/biopl/AppData/Local/Programs/Python/Python39/Scripts/
PATH: /mnt/c/Users/biopl/AppData/Local/Programs/Python/Python39/
PATH: /mnt/c/Program Files/AdoptOpenJDK/jdk-11.0.11.9-hotspot/bin
PATH: /mnt/c/ProgramData/Oracle/Java/javapath
PATH: /mnt/c/Program Files (x86)/Razer Chroma SDK/bin
PATH: /mnt/c/Program Files/Razer Chroma SDK/bin
PATH: /mnt/c/Program Files (x86)/Razer/ChromaBroadcast/bin
PATH: /mnt/c/Program Files/Razer/ChromaBroadcast/bin
PATH: /mnt/c/Windows/system32
PATH: /mnt/c/Windows
PATH: /mnt/c/Windows/System32/Wbem
PATH: /mnt/c/Windows/System32/WindowsPowerShell/v1.0/
PATH: /mnt/c/Windows/System32/OpenSSH/
PATH: /mnt/c/Program Files/NVIDIA Corporation/NVIDIA NvDLISR
PATH: /mnt/c/Program Files (x86)/NVIDIA Corporation/PhysX/Common
PATH: /mnt/c/Windows/system32/config/systemprofile/AppData/Local/Microsoft/WindowsApps
PATH: /mnt/d/Dev/
PATH: /mnt/c/ProgramData/chocolatey/bin
PATH: /mnt/c/Program Files/Git/cmd
PATH: /mnt/c/WINDOWS/system32
PATH: /mnt/c/WINDOWS
PATH: /mnt/c/WINDOWS/System32/Wbem
PATH: /mnt/c/WINDOWS/System32/WindowsPowerShell/v1.0/
PATH: /mnt/c/WINDOWS/System32/OpenSSH/
PATH: /mnt/c/Program Files/PuTTY/
PATH: /mnt/c/Program Files (x86)/STMicroelectronics/STM32 ST-LINK Utility/ST-LINK Utility
PATH: /mnt/c/Program Files/Docker/Docker/resources/bin
PATH: /mnt/c/ProgramData/DockerDesktop/version-bin
PATH: /mnt/c/Program Files (x86)/GNU Arm Embedded Toolchain/10 2021.10/bin
PATH: /mnt/c/Users/biopl/AppData/Local/Microsoft/WindowsApps
PATH: /mnt/c/Users/biopl/AppData/Local/gitkraken/bin
PATH: /mnt/c/texlive/2021/bin/win32
PATH: /mnt/c/Users/biopl/AppData/Roaming/npm
PATH: /mnt/d/Dev/Microsoft VS Code/bin
PATH: /mnt/c/Users/biopl/AppData/Local/Microsoft/WindowsApps
PATH: /snap/bin


## ----------- ##
## Core tests. ##
## ----------- ##

configure:2691: checking for a BSD-compatible install
configure:2759: result: /usr/bin/install -c
configure:2770: checking whether build environment is sane
configure:2825: result: yes
configure:2969: checking for a thread-safe mkdir -p
configure:3008: result: /usr/bin/mkdir -p
configure:3015: checking for gawk
configure:3031: found /usr/bin/gawk
configure:3042: result: gawk
configure:3053: checking whether make sets $(MAKE)
configure:3075: result: yes
configure:3104: checking whether make supports nested variables
configure:3121: result: yes
configure:3210: checking whether UID '1000' is supported by ustar format
configure:3213: result: yes
configure:3220: checking whether GID '1000' is supported by ustar format
configure:3223: result: yes
configure:3231: checking how to create a ustar tar archive
configure:3242: tar --version
tar (GNU tar) 1.30
Copyright (C) 2017 Free Software Foundation, Inc.
License GPLv3+: GNU GPL version 3 or later <https://gnu.org/licenses/gpl.html>.
This is free software: you are free to change and redistribute it.
There is NO WARRANTY, to the extent permitted by law.

Written by John Gilmore and Jay Fenlason.
configure:3245: $? = 0
configure:3285: tardir=conftest.dir && eval tar --format=ustar -chf - "$tardir" >conftest.tar
configure:3288: $? = 0
configure:3292: tar -xf - <conftest.tar
configure:3295: $? = 0
configure:3297: cat conftest.dir/file
GrepMe
configure:3300: $? = 0
configure:3313: result: gnutar
configure:3474: checking for gcc
configure:3490: found /usr/bin/gcc
configure:3501: result: gcc
configure:3730: checking for C compiler version
configure:3739: gcc --version >&5
gcc (Ubuntu 9.4.0-1ubuntu1~20.04.1) 9.4.0
Copyright (C) 2019 Free Software Foundation, Inc.
This is free software; see the source for copying conditions.  There is NO
warranty; not even for MERCHANTABILITY or FITNESS FOR A PARTICULAR PURPOSE.

configure:3750: $? = 0
configure:3739: gcc -v >&5
Using built-in specs.
COLLECT_GCC=gcc
COLLECT_LTO_WRAPPER=/usr/lib/gcc/x86_64-linux-gnu/9/lto-wrapper
OFFLOAD_TARGET_NAMES=nvptx-none:hsa
OFFLOAD_TARGET_DEFAULT=1
Target: x86_64-linux-gnu
Configured with: ../src/configure -v --with-pkgversion='Ubuntu 9.4.0-1ubuntu1~20.04.1' --with-bugurl=file:///usr/share/doc/gcc-9/README.Bugs --enable-languages=c,ada,c++,go,brig,d,fortran,objc,obj-c++,gm2 --prefix=/usr --with-gcc-major-version-only --program-suffix=-9 --program-prefix=x86_64-linux-gnu- --enable-shared --enable-linker-build-id --libexecdir=/usr/lib --without-included-gettext --enable-threads=posix --libdir=/usr/lib --enable-nls --enable-clocale=gnu --enable-libstdcxx-debug --enable-libstdcxx-time=yes --with-default-libstdcxx-abi=new --enable-gnu-unique-object --disable-vtable-verify --enable-plugin --enable-default-pie --with-system-zlib --with-target-system-zlib=auto --enable-objc-gc=auto --enable-multiarch --disable-werror --with-arch-32=i686 --with-abi=m64 --with-multilib-list=m32,m64,mx32 --enable-multilib --with-tune=generic --enable-offload-targets=nvptx-none=/build/gcc-9-Av3uEd/gcc-9-9.4.0/debian/tmp-nvptx/usr,hsa --without-cuda-driver --enable-checking=release --build=x86_64-linux-gnu --host=x86_64-linux-gnu --target=x86_64-linux-gnu
Thread model: posix
gcc version 9.4.0 (Ubuntu 9.4.0-1ubuntu1~20.04.1) 
configure:3750: $? = 0
configure:3739: gcc -V >&5
gcc: error: unrecognized command line option '-V'
gcc: fatal error: no input files
compilation terminated.
configure:3750: $? = 1
configure:3739: gcc -qversion >&5
gcc: error: unrecognized command line option '-qversion'; did you mean '--version'?
gcc: fatal error: no input files
compilation terminated.
configure:3750: $? = 1
configure:3770: checking whether the C compiler works
configure:3792: gcc -O2 -DNDEBUG   conftest.c  >&5
configure:3796: $? = 0
configure:3844: result: yes
configure:3847: checking for C compiler default output file name
configure:3849: result: a.out
configure:3855: checking for suffix of executables
configure:3862: gcc -o conftest -O2 -DNDEBUG   conftest.c  >&5
configure:3866: $? = 0
configure:3888: result: 
configure:3910: checking whether we are cross compiling
configure:3918: gcc -o conftest -O2 -DNDEBUG   conftest.c  >&5
configure:3922: $? = 0
configure:3929: ./conftest
configure:3933: $? = 0
configure:3921: result: no
configure:3926: checking for suffix of object files
configure:3948: gcc -c -O2 -DNDEBUG  conftest.c >&5
configure:3952: $? = 0
configure:3973: result: o
configure:3977: checking whether we are using the GNU C compiler
configure:3996: gcc -c -O2 -DNDEBUG  conftest.c >&5
configure:3996: $? = 0
configure:4005: result: yes
configure:4014: checking whether gcc accepts -g
configure:4034: gcc -c -g  conftest.c >&5
configure:4034: $? = 0
configure:4075: result: yes
configure:4092: checking for gcc option to accept ISO C89
configure:4155: gcc  -c -O2 -DNDEBUG  conftest.c >&5
configure:4155: $? = 0
configure:4168: result: none needed
configure:4193: checking whether gcc understands -c and -o together
configure:4215: gcc -c conftest.c -o conftest2.o
configure:4218: $? = 0
configure:4215: gcc -c conftest.c -o conftest2.o
configure:4218: $? = 0
configure:4230: result: yes
configure:4250: checking whether make supports the include directive
configure:4265: make -f confmf.GNU && cat confinc.out
this is the am__doit target
configure:4268: $? = 0
configure:4287: result: yes (GNU style)
configure:4312: checking dependency style of gcc
configure:4423: result: gcc3
configure:4496: checking for g++
configure:4512: found /usr/bin/g++
configure:4523: result: g++
configure:4550: checking for C++ compiler version
configure:4559: g++ --version >&5
g++ (Ubuntu 9.4.0-1ubuntu1~20.04.1) 9.4.0
Copyright (C) 2019 Free Software Foundation, Inc.
This is free software; see the source for copying conditions.  There is NO
warranty; not even for MERCHANTABILITY or FITNESS FOR A PARTICULAR PURPOSE.

configure:4570: $? = 0
configure:4559: g++ -v >&5
Using built-in specs.
COLLECT_GCC=g++
COLLECT_LTO_WRAPPER=/usr/lib/gcc/x86_64-linux-gnu/9/lto-wrapper
OFFLOAD_TARGET_NAMES=nvptx-none:hsa
OFFLOAD_TARGET_DEFAULT=1
Target: x86_64-linux-gnu
Configured with: ../src/configure -v --with-pkgversion='Ubuntu 9.4.0-1ubuntu1~20.04.1' --with-bugurl=file:///usr/share/doc/gcc-9/README.Bugs --enable-languages=c,ada,c++,go,brig,d,fortran,objc,obj-c++,gm2 --prefix=/usr --with-gcc-major-version-only --program-suffix=-9 --program-prefix=x86_64-linux-gnu- --enable-shared --enable-linker-build-id --libexecdir=/usr/lib --without-included-gettext --enable-threads=posix --libdir=/usr/lib --enable-nls --enable-clocale=gnu --enable-libstdcxx-debug --enable-libstdcxx-time=yes --with-default-libstdcxx-abi=new --enable-gnu-unique-object --disable-vtable-verify --enable-plugin --enable-default-pie --with-system-zlib --with-target-system-zlib=auto --enable-objc-gc=auto --enable-multiarch --disable-werror --with-arch-32=i686 --with-abi=m64 --with-multilib-list=m32,m64,mx32 --enable-multilib --with-tune=generic --enable-offload-targets=nvptx-none=/build/gcc-9-Av3uEd/gcc-9-9.4.0/debian/tmp-nvptx/usr,hsa --without-cuda-driver --enable-checking=release --build=x86_64-linux-gnu --host=x86_64-linux-gnu --target=x86_64-linux-gnu
Thread model: posix
gcc version 9.4.0 (Ubuntu 9.4.0-1ubuntu1~20.04.1) 
configure:4570: $? = 0
configure:4559: g++ -V >&5
g++: error: unrecognized command line option '-V'
g++: fatal error: no input files
compilation terminated.
configure:4570: $? = 1
configure:4559: g++ -qversion >&5
g++: error: unrecognized command line option '-qversion'; did you mean '--version'?
g++: fatal error: no input files
compilation terminated.
configure:4570: $? = 1
configure:4574: checking whether we are using the GNU C++ compiler
configure:4593: g++ -c -O2 -DNDEBUG  conftest.cpp >&5
configure:4593: $? = 0
configure:4602: result: yes
configure:4611: checking whether g++ accepts -g
configure:4631: g++ -c -g  conftest.cpp >&5
configure:4631: $? = 0
configure:4672: result: yes
configure:4697: checking dependency style of g++
configure:4808: result: gcc3
configure:4831: checking whether g++ supports C++14 features by default
configure:4887: g++ -c -O2 -DNDEBUG  conftest.cpp >&5
configure:4887: $? = 0
configure:4894: result: yes
configure:5064: checking whether g++ supports C++11 library features by default
configure:5078: g++ -c -O2 -DNDEBUG  conftest.cpp >&5
configure:5078: $? = 0
configure:5086: result: yes
configure:5135: checking build system type
configure:5149: result: x86_64-pc-linux-gnu
configure:5169: checking host system type
configure:5182: result: x86_64-pc-linux-gnu
configure:5383: checking for the pthreads library -lpthreads
configure:5416: gcc -o conftest -O2 -DNDEBUG    conftest.c -lpthreads  >&5
conftest.c: In function 'main':
conftest.c:16:22: warning: null argument where non-null required (argument 1) [-Wnonnull]
   16 |                      pthread_attr_init(0); pthread_cleanup_push(0, 0);
      |                      ^~~~~~~~~~~~~~~~~
conftest.c:17:22: warning: null argument where non-null required (argument 1) [-Wnonnull]
   17 |                      pthread_create(0,0,0,0); pthread_cleanup_pop(0);
      |                      ^~~~~~~~~~~~~~
conftest.c:17:22: warning: null argument where non-null required (argument 3) [-Wnonnull]
/usr/bin/ld: cannot find -lpthreads
collect2: error: ld returned 1 exit status
configure:5416: $? = 1
configure: failed program was:
| /* confdefs.h */
| #define PACKAGE_NAME "Capn Proto"
| #define PACKAGE_TARNAME "capnproto-c++"
| #define PACKAGE_VERSION "0.10.3"
| #define PACKAGE_STRING "Capn Proto 0.10.3"
| #define PACKAGE_BUGREPORT "capnproto@googlegroups.com"
| #define PACKAGE_URL ""
| #define PACKAGE "capnproto-c++"
| #define VERSION "0.10.3"
| /* end confdefs.h.  */
| #include <pthread.h>
| int
| main ()
| {
| pthread_t th; pthread_join(th, 0);
|                      pthread_attr_init(0); pthread_cleanup_push(0, 0);
|                      pthread_create(0,0,0,0); pthread_cleanup_pop(0);
|   ;
|   return 0;
| }
configure:5425: result: no
configure:5328: checking whether pthreads work without any flags
configure:5416: gcc -o conftest -O2 -DNDEBUG    conftest.c   >&5
conftest.c: In function 'main':
conftest.c:16:22: warning: null argument where non-null required (argument 1) [-Wnonnull]
   16 |                      pthread_attr_init(0); pthread_cleanup_push(0, 0);
      |                      ^~~~~~~~~~~~~~~~~
conftest.c:17:22: warning: null argument where non-null required (argument 1) [-Wnonnull]
   17 |                      pthread_create(0,0,0,0); pthread_cleanup_pop(0);
      |                      ^~~~~~~~~~~~~~
conftest.c:17:22: warning: null argument where non-null required (argument 3) [-Wnonnull]
/usr/bin/ld: /tmp/ccOjZvSN.o: in function `main':
conftest.c:(.text.startup+0x1e): undefined reference to `pthread_join'
/usr/bin/ld: conftest.c:(.text.startup+0x42): undefined reference to `__pthread_register_cancel'
/usr/bin/ld: conftest.c:(.text.startup+0x4f): undefined reference to `pthread_create'
/usr/bin/ld: conftest.c:(.text.startup+0x57): undefined reference to `__pthread_unregister_cancel'
collect2: error: ld returned 1 exit status
configure:5416: $? = 1
configure: failed program was:
| /* confdefs.h */
| #define PACKAGE_NAME "Capn Proto"
| #define PACKAGE_TARNAME "capnproto-c++"
| #define PACKAGE_VERSION "0.10.3"
| #define PACKAGE_STRING "Capn Proto 0.10.3"
| #define PACKAGE_BUGREPORT "capnproto@googlegroups.com"
| #define PACKAGE_URL ""
| #define PACKAGE "capnproto-c++"
| #define VERSION "0.10.3"
| /* end confdefs.h.  */
| #include <pthread.h>
| int
| main ()
| {
| pthread_t th; pthread_join(th, 0);
|                      pthread_attr_init(0); pthread_cleanup_push(0, 0);
|                      pthread_create(0,0,0,0); pthread_cleanup_pop(0);
|   ;
|   return 0;
| }
configure:5425: result: no
configure:5333: checking whether pthreads work with -Kthread
configure:5416: gcc -o conftest -O2 -DNDEBUG -Kthread   conftest.c   >&5
gcc: error: unrecognized command line option '-Kthread'; did you mean '-pthread'?
configure:5416: $? = 1
configure: failed program was:
| /* confdefs.h */
| #define PACKAGE_NAME "Capn Proto"
| #define PACKAGE_TARNAME "capnproto-c++"
| #define PACKAGE_VERSION "0.10.3"
| #define PACKAGE_STRING "Capn Proto 0.10.3"
| #define PACKAGE_BUGREPORT "capnproto@googlegroups.com"
| #define PACKAGE_URL ""
| #define PACKAGE "capnproto-c++"
| #define VERSION "0.10.3"
| /* end confdefs.h.  */
| #include <pthread.h>
| int
| main ()
| {
| pthread_t th; pthread_join(th, 0);
|                      pthread_attr_init(0); pthread_cleanup_push(0, 0);
|                      pthread_create(0,0,0,0); pthread_cleanup_pop(0);
|   ;
|   return 0;
| }
configure:5425: result: no
configure:5333: checking whether pthreads work with -kthread
configure:5416: gcc -o conftest -O2 -DNDEBUG -kthread   conftest.c   >&5
gcc: error: unrecognized command line option '-kthread'; did you mean '-pthread'?
configure:5416: $? = 1
configure: failed program was:
| /* confdefs.h */
| #define PACKAGE_NAME "Capn Proto"
| #define PACKAGE_TARNAME "capnproto-c++"
| #define PACKAGE_VERSION "0.10.3"
| #define PACKAGE_STRING "Capn Proto 0.10.3"
| #define PACKAGE_BUGREPORT "capnproto@googlegroups.com"
| #define PACKAGE_URL ""
| #define PACKAGE "capnproto-c++"
| #define VERSION "0.10.3"
| /* end confdefs.h.  */
| #include <pthread.h>
| int
| main ()
| {
| pthread_t th; pthread_join(th, 0);
|                      pthread_attr_init(0); pthread_cleanup_push(0, 0);
|                      pthread_create(0,0,0,0); pthread_cleanup_pop(0);
|   ;
|   return 0;
| }
configure:5425: result: no
configure:5383: checking for the pthreads library -llthread
configure:5416: gcc -o conftest -O2 -DNDEBUG    conftest.c -llthread  >&5
conftest.c: In function 'main':
conftest.c:16:22: warning: null argument where non-null required (argument 1) [-Wnonnull]
   16 |                      pthread_attr_init(0); pthread_cleanup_push(0, 0);
      |                      ^~~~~~~~~~~~~~~~~
conftest.c:17:22: warning: null argument where non-null required (argument 1) [-Wnonnull]
   17 |                      pthread_create(0,0,0,0); pthread_cleanup_pop(0);
      |                      ^~~~~~~~~~~~~~
conftest.c:17:22: warning: null argument where non-null required (argument 3) [-Wnonnull]
/usr/bin/ld: cannot find -llthread
collect2: error: ld returned 1 exit status
configure:5416: $? = 1
configure: failed program was:
| /* confdefs.h */
| #define PACKAGE_NAME "Capn Proto"
| #define PACKAGE_TARNAME "capnproto-c++"
| #define PACKAGE_VERSION "0.10.3"
| #define PACKAGE_STRING "Capn Proto 0.10.3"
| #define PACKAGE_BUGREPORT "capnproto@googlegroups.com"
| #define PACKAGE_URL ""
| #define PACKAGE "capnproto-c++"
| #define VERSION "0.10.3"
| /* end confdefs.h.  */
| #include <pthread.h>
| int
| main ()
| {
| pthread_t th; pthread_join(th, 0);
|                      pthread_attr_init(0); pthread_cleanup_push(0, 0);
|                      pthread_create(0,0,0,0); pthread_cleanup_pop(0);
|   ;
|   return 0;
| }
configure:5425: result: no
configure:5333: checking whether pthreads work with -pthread
configure:5416: gcc -o conftest -O2 -DNDEBUG -pthread   conftest.c   >&5
conftest.c: In function 'main':
conftest.c:16:22: warning: null argument where non-null required (argument 1) [-Wnonnull]
   16 |                      pthread_attr_init(0); pthread_cleanup_push(0, 0);
      |                      ^~~~~~~~~~~~~~~~~
conftest.c:17:22: warning: null argument where non-null required (argument 1) [-Wnonnull]
   17 |                      pthread_create(0,0,0,0); pthread_cleanup_pop(0);
      |                      ^~~~~~~~~~~~~~
conftest.c:17:22: warning: null argument where non-null required (argument 3) [-Wnonnull]
configure:5416: $? = 0
configure:5425: result: yes
configure:5444: checking for joinable pthread attribute
configure:5459: gcc -o conftest -O2 -DNDEBUG -pthread   conftest.c   >&5
configure:5459: $? = 0
configure:5465: result: PTHREAD_CREATE_JOINABLE
configure:5475: checking if more special flags are required for pthreads
configure:5482: result: no
configure:5571: checking whether to check for GCC pthread/shared inconsistencies
configure:5584: gcc -o conftest -shared -fPIC -Wl,-z,defs -O2 -DNDEBUG -pthread   conftest.c   >&5
configure:5584: $? = 0
configure:5596: result: yes
configure:5602: checking whether -pthread is sufficient with -shared
configure:5617: gcc -o conftest -shared -fPIC -Wl,-z,defs -O2 -DNDEBUG -pthread   conftest.c   >&5
conftest.c: In function 'main':
conftest.c:16:8: warning: null argument where non-null required (argument 1) [-Wnonnull]
   16 |        pthread_attr_init(0); pthread_cleanup_push(0, 0);
      |        ^~~~~~~~~~~~~~~~~
conftest.c:17:8: warning: null argument where non-null required (argument 1) [-Wnonnull]
   17 |        pthread_create(0,0,0,0); pthread_cleanup_pop(0);
      |        ^~~~~~~~~~~~~~
conftest.c:17:8: warning: null argument where non-null required (argument 3) [-Wnonnull]
configure:5617: $? = 0
configure:5624: result: yes
configure:5732: checking whether pthread flag is sufficient with -nostdlib
configure:5747: gcc -o conftest -O2 -DNDEBUG -pthread   conftest.c -nostdlib   -lc >&5
conftest.c: In function 'main':
conftest.c:16:22: warning: null argument where non-null required (argument 1) [-Wnonnull]
   16 |                      pthread_attr_init(0); pthread_cleanup_push(0, 0);
      |                      ^~~~~~~~~~~~~~~~~
conftest.c:17:22: warning: null argument where non-null required (argument 1) [-Wnonnull]
   17 |                      pthread_create(0,0,0,0); pthread_cleanup_pop(0);
      |                      ^~~~~~~~~~~~~~
conftest.c:17:22: warning: null argument where non-null required (argument 3) [-Wnonnull]
/usr/bin/ld: warning: cannot find entry symbol _start; defaulting to 00000000000010f0
/usr/bin/ld: /tmp/ccapyrfy.o: in function `main':
conftest.c:(.text.startup+0xe): undefined reference to `pthread_join'
/usr/bin/ld: conftest.c:(.text.startup+0x32): undefined reference to `__pthread_register_cancel'
/usr/bin/ld: conftest.c:(.text.startup+0x3f): undefined reference to `pthread_create'
/usr/bin/ld: conftest.c:(.text.startup+0x47): undefined reference to `__pthread_unregister_cancel'
collect2: error: ld returned 1 exit status
configure:5747: $? = 1
configure: failed program was:
| /* confdefs.h */
| #define PACKAGE_NAME "Capn Proto"
| #define PACKAGE_TARNAME "capnproto-c++"
| #define PACKAGE_VERSION "0.10.3"
| #define PACKAGE_STRING "Capn Proto 0.10.3"
| #define PACKAGE_BUGREPORT "capnproto@googlegroups.com"
| #define PACKAGE_URL ""
| #define PACKAGE "capnproto-c++"
| #define VERSION "0.10.3"
| /* end confdefs.h.  */
| #include <pthread.h>
| int
| main ()
| {
| pthread_t th; pthread_join(th, 0);
|                      pthread_attr_init(0); pthread_cleanup_push(0, 0);
|                      pthread_create(0,0,0,0); pthread_cleanup_pop(0);
|   ;
|   return 0;
| }
configure:5752: result: no
configure:5755: checking whether adding -lpthread fixes that
configure:5772: gcc -o conftest -O2 -DNDEBUG -pthread   conftest.c -nostdlib  -lpthread  -lc >&5
conftest.c: In function 'main':
conftest.c:16:24: warning: null argument where non-null required (argument 1) [-Wnonnull]
   16 |                        pthread_attr_init(0); pthread_cleanup_push(0, 0);
      |                        ^~~~~~~~~~~~~~~~~
conftest.c:17:24: warning: null argument where non-null required (argument 1) [-Wnonnull]
   17 |                        pthread_create(0,0,0,0); pthread_cleanup_pop(0);
      |                        ^~~~~~~~~~~~~~
conftest.c:17:24: warning: null argument where non-null required (argument 3) [-Wnonnull]
/usr/bin/ld: warning: cannot find entry symbol _start; defaulting to 00000000000010f0
configure:5772: $? = 0
configure:5774: result: yes
configure:5868: checking how to print strings
configure:5895: result: printf
configure:5916: checking for a sed that does not truncate output
configure:5980: result: /usr/bin/sed
configure:5998: checking for grep that handles long lines and -e
configure:6056: result: /usr/bin/grep
configure:6061: checking for egrep
configure:6123: result: /usr/bin/grep -E
configure:6128: checking for fgrep
configure:6190: result: /usr/bin/grep -F
configure:6225: checking for ld used by gcc
configure:6292: result: /usr/bin/ld
configure:6299: checking if the linker (/usr/bin/ld) is GNU ld
configure:6314: result: yes
configure:6326: checking for BSD- or MS-compatible name lister (nm)
configure:6380: result: /usr/bin/nm -B
configure:6510: checking the name lister (/usr/bin/nm -B) interface
configure:6517: g++ -c -O2 -DNDEBUG  conftest.cpp >&5
configure:6520: /usr/bin/nm -B "conftest.o"
configure:6523: output
0000000000000000 B some_variable
configure:6524: result: BSD nm
configure:6527: checking whether ln -s works
configure:6531: result: yes
configure:6539: checking the maximum length of command line arguments
configure:6670: result: 1572864
configure:6718: checking how to convert x86_64-pc-linux-gnu file names to x86_64-pc-linux-gnu format
configure:6758: result: func_convert_file_noop
configure:6765: checking how to convert x86_64-pc-linux-gnu file names to toolchain format
configure:6785: result: func_convert_file_noop
configure:6792: checking for /usr/bin/ld option to reload object files
configure:6799: result: -r
configure:6873: checking for objdump
configure:6889: found /usr/bin/objdump
configure:6900: result: objdump
configure:6932: checking how to recognize dependent libraries
configure:7132: result: pass_all
configure:7217: checking for dlltool
configure:7247: result: no
configure:7277: checking how to associate runtime and link libraries
configure:7304: result: printf %s\n
configure:7364: checking for ar
configure:7380: found /usr/bin/ar
configure:7391: result: ar
configure:7428: checking for archiver @FILE support
configure:7445: g++ -c -O2 -DNDEBUG  conftest.cpp >&5
configure:7445: $? = 0
configure:7448: ar cr libconftest.a @conftest.lst >&5
configure:7451: $? = 0
configure:7456: ar cr libconftest.a @conftest.lst >&5
ar: conftest.o: No such file or directory
configure:7459: $? = 1
configure:7458: result: @
configure:7516: checking for strip
configure:7532: found /usr/bin/strip
configure:7543: result: strip
configure:7615: checking for ranlib
configure:7631: found /usr/bin/ranlib
configure:7642: result: ranlib
configure:7744: checking command to parse /usr/bin/nm -B output from gcc object
configure:7897: g++ -c -O2 -DNDEBUG  conftest.cpp >&5
configure:7900: $? = 0
configure:7904: /usr/bin/nm -B conftest.o | sed -n -e 's/^.*[	 ]\([ABCDGIRSTW][ABCDGIRSTW]*\)[	 ][	 ]*\([_A-Za-z][_A-Za-z0-9]*\)$/\1 \2 \2/p' | sed '/ __gnu_lto/d' > conftest.nm
configure:7970: g++ -o conftest -O2 -DNDEBUG   conftest.cpp conftstm.o >&5
configure:7973: $? = 0
configure:8011: result: ok
configure:8058: checking for sysroot
configure:8088: result: no
configure:8095: checking for a working dd
configure:8133: result: /usr/bin/dd
configure:8137: checking how to truncate binary pipes
configure:8152: result: /usr/bin/dd bs=4096 count=1
configure:8288: g++ -c -O2 -DNDEBUG  conftest.cpp >&5
configure:8291: $? = 0
configure:8481: checking for mt
configure:8497: found /usr/bin/mt
configure:8508: result: mt
configure:8531: checking if mt is a manifest tool
configure:8537: mt '-?'
configure:8545: result: no
configure:9222: checking how to run the C preprocessor
configure:9253: gcc -E  conftest.c
configure:9253: $? = 0
configure:9267: gcc -E  conftest.c
conftest.c:12:10: fatal error: ac_nonexistent.h: No such file or directory
   12 | #include <ac_nonexistent.h>
      |          ^~~~~~~~~~~~~~~~~~
compilation terminated.
configure:9267: $? = 1
configure: failed program was:
| /* confdefs.h */
| #define PACKAGE_NAME "Capn Proto"
| #define PACKAGE_TARNAME "capnproto-c++"
| #define PACKAGE_VERSION "0.10.3"
| #define PACKAGE_STRING "Capn Proto 0.10.3"
| #define PACKAGE_BUGREPORT "capnproto@googlegroups.com"
| #define PACKAGE_URL ""
| #define PACKAGE "capnproto-c++"
| #define VERSION "0.10.3"
| #define HAVE_PTHREAD 1
| /* end confdefs.h.  */
| #include <ac_nonexistent.h>
configure:9292: result: gcc -E
configure:9312: gcc -E  conftest.c
configure:9312: $? = 0
configure:9326: gcc -E  conftest.c
conftest.c:12:10: fatal error: ac_nonexistent.h: No such file or directory
   12 | #include <ac_nonexistent.h>
      |          ^~~~~~~~~~~~~~~~~~
compilation terminated.
configure:9326: $? = 1
configure: failed program was:
| /* confdefs.h */
| #define PACKAGE_NAME "Capn Proto"
| #define PACKAGE_TARNAME "capnproto-c++"
| #define PACKAGE_VERSION "0.10.3"
| #define PACKAGE_STRING "Capn Proto 0.10.3"
| #define PACKAGE_BUGREPORT "capnproto@googlegroups.com"
| #define PACKAGE_URL ""
| #define PACKAGE "capnproto-c++"
| #define VERSION "0.10.3"
| #define HAVE_PTHREAD 1
| /* end confdefs.h.  */
| #include <ac_nonexistent.h>
configure:9355: checking for ANSI C header files
configure:9375: gcc -c -O2 -DNDEBUG  conftest.c >&5
configure:9375: $? = 0
configure:9448: gcc -o conftest -O2 -DNDEBUG   conftest.c  >&5
configure:9448: $? = 0
configure:9448: ./conftest
configure:9448: $? = 0
configure:9459: result: yes
configure:9472: checking for sys/types.h
configure:9472: gcc -c -O2 -DNDEBUG  conftest.c >&5
configure:9472: $? = 0
configure:9472: result: yes
configure:9472: checking for sys/stat.h
configure:9472: gcc -c -O2 -DNDEBUG  conftest.c >&5
configure:9472: $? = 0
configure:9472: result: yes
configure:9472: checking for stdlib.h
configure:9472: gcc -c -O2 -DNDEBUG  conftest.c >&5
configure:9472: $? = 0
configure:9472: result: yes
configure:9472: checking for string.h
configure:9472: gcc -c -O2 -DNDEBUG  conftest.c >&5
configure:9472: $? = 0
configure:9472: result: yes
configure:9472: checking for memory.h
configure:9472: gcc -c -O2 -DNDEBUG  conftest.c >&5
configure:9472: $? = 0
configure:9472: result: yes
configure:9472: checking for strings.h
configure:9472: gcc -c -O2 -DNDEBUG  conftest.c >&5
configure:9472: $? = 0
configure:9472: result: yes
configure:9472: checking for inttypes.h
configure:9472: gcc -c -O2 -DNDEBUG  conftest.c >&5
configure:9472: $? = 0
configure:9472: result: yes
configure:9472: checking for stdint.h
configure:9472: gcc -c -O2 -DNDEBUG  conftest.c >&5
configure:9472: $? = 0
configure:9472: result: yes
configure:9472: checking for unistd.h
configure:9472: gcc -c -O2 -DNDEBUG  conftest.c >&5
configure:9472: $? = 0
configure:9472: result: yes
configure:9486: checking for dlfcn.h
configure:9486: gcc -c -O2 -DNDEBUG  conftest.c >&5
configure:9486: $? = 0
configure:9486: result: yes
configure:9752: checking for objdir
configure:9767: result: .libs
configure:10031: checking if gcc supports -fno-rtti -fno-exceptions
configure:10049: gcc -c -O2 -DNDEBUG  -fno-rtti -fno-exceptions conftest.c >&5
cc1: warning: command line option '-fno-rtti' is valid for C++/D/ObjC++ but not for C
configure:10053: $? = 0
configure:10066: result: no
configure:10430: checking for gcc option to produce PIC
configure:10437: result: -fPIC -DPIC
configure:10445: checking if gcc PIC flag -fPIC -DPIC works
configure:10463: gcc -c -O2 -DNDEBUG  -fPIC -DPIC -DPIC conftest.c >&5
configure:10467: $? = 0
configure:10480: result: yes
configure:10509: checking if gcc static flag -static works
configure:10537: result: yes
configure:10552: checking if gcc supports -c -o file.o
configure:10573: gcc -c -O2 -DNDEBUG  -o out/conftest2.o conftest.c >&5
configure:10577: $? = 0
configure:10599: result: yes
configure:10607: checking if gcc supports -c -o file.o
configure:10654: result: yes
configure:10687: checking whether the gcc linker (/usr/bin/ld -m elf_x86_64) supports shared libraries
configure:11950: result: yes
configure:11987: checking whether -lc should be explicitly linked in
configure:11995: gcc -c -O2 -DNDEBUG  conftest.c >&5
configure:11998: $? = 0
configure:12013: gcc -shared  -fPIC -DPIC conftest.o  -v -Wl,-soname -Wl,conftest -o conftest 2\>\&1 \| /usr/bin/grep  -lc  \>/dev/null 2\>\&1
configure:12016: $? = 0
configure:12030: result: no
configure:12190: checking dynamic linker characteristics
configure:12771: gcc -o conftest -O2 -DNDEBUG   -Wl,-rpath -Wl,/foo conftest.c  >&5
configure:12771: $? = 0
configure:13020: result: GNU/Linux ld.so
configure:13142: checking how to hardcode library paths into programs
configure:13167: result: immediate
configure:13715: checking whether stripping libraries is possible
configure:13720: result: yes
configure:13755: checking if libtool supports shared libraries
configure:13757: result: yes
configure:13760: checking whether to build shared libraries
configure:13785: result: yes
configure:13788: checking whether to build static libraries
configure:13792: result: yes
configure:10591: checking how to run the C++ preprocessor
configure:10618: g++ -E  conftest.cpp
configure:10618: $? = 0
configure:10632: g++ -E  conftest.cpp
conftest.cpp:24:10: fatal error: ac_nonexistent.h: No such file or directory
   24 | #include <ac_nonexistent.h>
      |          ^~~~~~~~~~~~~~~~~~
compilation terminated.
configure:10632: $? = 1
configure: failed program was:
| /* confdefs.h */
| #define PACKAGE_NAME "Capn Proto"
| #define PACKAGE_TARNAME "capnproto-c++"
| #define PACKAGE_VERSION "0.10.3"
| #define PACKAGE_STRING "Capn Proto 0.10.3"
| #define PACKAGE_BUGREPORT "capnproto@googlegroups.com"
| #define PACKAGE_URL ""
| #define PACKAGE "capnproto-c++"
| #define VERSION "0.10.3"
| #define HAVE_PTHREAD 1
| #define STDC_HEADERS 1
| #define HAVE_SYS_TYPES_H 1
| #define HAVE_SYS_STAT_H 1
| #define HAVE_STDLIB_H 1
| #define HAVE_STRING_H 1
| #define HAVE_MEMORY_H 1
| #define HAVE_STRINGS_H 1
| #define HAVE_INTTYPES_H 1
| #define HAVE_STDINT_H 1
| #define HAVE_UNISTD_H 1
| #define HAVE_DLFCN_H 1
| #define LT_OBJDIR ".libs/"
| /* end confdefs.h.  */
| #include <ac_nonexistent.h>
configure:10657: result: g++ -E
configure:10677: g++ -E  conftest.cpp
configure:10677: $? = 0
configure:10691: g++ -E  conftest.cpp
conftest.cpp:24:10: fatal error: ac_nonexistent.h: No such file or directory
   24 | #include <ac_nonexistent.h>
      |          ^~~~~~~~~~~~~~~~~~
compilation terminated.
configure:10691: $? = 1
configure: failed program was:
| /* confdefs.h */
| #define PACKAGE_NAME "Capn Proto"
| #define PACKAGE_TARNAME "capnproto-c++"
| #define PACKAGE_VERSION "0.10.3"
| #define PACKAGE_STRING "Capn Proto 0.10.3"
| #define PACKAGE_BUGREPORT "capnproto@googlegroups.com"
| #define PACKAGE_URL ""
| #define PACKAGE "capnproto-c++"
| #define VERSION "0.10.3"
| #define HAVE_PTHREAD 1
| #define STDC_HEADERS 1
| #define HAVE_SYS_TYPES_H 1
| #define HAVE_SYS_STAT_H 1
| #define HAVE_STDLIB_H 1
| #define HAVE_STRING_H 1
| #define HAVE_MEMORY_H 1
| #define HAVE_STRINGS_H 1
| #define HAVE_INTTYPES_H 1
| #define HAVE_STDINT_H 1
| #define HAVE_UNISTD_H 1
| #define HAVE_DLFCN_H 1
| #define LT_OBJDIR ".libs/"
| /* end confdefs.h.  */
| #include <ac_nonexistent.h>
configure:10853: checking for ld used by g++
configure:10920: result: /usr/bin/ld -m elf_x86_64
configure:10927: checking if the linker (/usr/bin/ld -m elf_x86_64) is GNU ld
configure:10942: result: yes
configure:10997: checking whether the g++ linker (/usr/bin/ld -m elf_x86_64) supports shared libraries
configure:12070: result: yes
configure:12106: g++ -c -O2 -DNDEBUG  conftest.cpp >&5
configure:12109: $? = 0
configure:12590: checking for g++ option to produce PIC
configure:12597: result: -fPIC -DPIC
configure:12605: checking if g++ PIC flag -fPIC -DPIC works
configure:12623: g++ -c -O2 -DNDEBUG  -fPIC -DPIC -DPIC conftest.cpp >&5
configure:12627: $? = 0
configure:12640: result: yes
configure:12663: checking if g++ static flag -static works
configure:12691: result: yes
configure:12703: checking if g++ supports -c -o file.o
configure:12724: g++ -c -O2 -DNDEBUG  -o out/conftest2.o conftest.cpp >&5
configure:12728: $? = 0
configure:12750: result: yes
configure:12755: checking if g++ supports -c -o file.o
configure:12802: result: yes
configure:12832: checking whether the g++ linker (/usr/bin/ld -m elf_x86_64) supports shared libraries
configure:12875: result: yes
configure:13016: checking dynamic linker characteristics
configure:13773: result: GNU/Linux ld.so
configure:13838: checking how to hardcode library paths into programs
configure:13863: result: immediate
configure:12811: checking for library containing sched_yield
configure:12842: g++ -o conftest -O2 -DNDEBUG   conftest.cpp  >&5
configure:12842: $? = 0
configure:12859: result: none required
configure:12927: checking size of void *
configure:12932: g++ -o conftest -O2 -DNDEBUG -pthread   conftest.cpp  -lpthread  >&5
configure:12932: $? = 0
configure:12932: ./conftest
configure:12932: $? = 0
configure:12946: result: 8
configure:12963: checking for deflate in -lz
configure:12988: g++ -o conftest -O2 -DNDEBUG -pthread   conftest.cpp -lz   -lpthread  >&5
configure:12988: $? = 0
configure:12997: result: yes
configure:13007: checking zlib.h usability
configure:13007: g++ -c -O2 -DNDEBUG -pthread  conftest.cpp >&5
configure:13007: $? = 0
configure:13007: result: yes
configure:13007: checking zlib.h presence
configure:13007: g++ -E  conftest.cpp
configure:13007: $? = 0
configure:13007: result: yes
configure:13007: checking for zlib.h
configure:13007: result: yes
configure:13046: checking for CRYPTO_new_ex_data in -lcrypto
configure:13071: g++ -o conftest -O2 -DNDEBUG -pthread -DKJ_HAS_ZLIB   conftest.cpp -lcrypto   -lpthread  >&5
/usr/bin/ld: cannot find -lcrypto
collect2: error: ld returned 1 exit status
configure:13071: $? = 1
configure: failed program was:
| /* confdefs.h */
| #define PACKAGE_NAME "Capn Proto"
| #define PACKAGE_TARNAME "capnproto-c++"
| #define PACKAGE_VERSION "0.10.3"
| #define PACKAGE_STRING "Capn Proto 0.10.3"
| #define PACKAGE_BUGREPORT "capnproto@googlegroups.com"
| #define PACKAGE_URL ""
| #define PACKAGE "capnproto-c++"
| #define VERSION "0.10.3"
| #define HAVE_PTHREAD 1
| #define STDC_HEADERS 1
| #define HAVE_SYS_TYPES_H 1
| #define HAVE_SYS_STAT_H 1
| #define HAVE_STDLIB_H 1
| #define HAVE_STRING_H 1
| #define HAVE_MEMORY_H 1
| #define HAVE_STRINGS_H 1
| #define HAVE_INTTYPES_H 1
| #define HAVE_STDINT_H 1
| #define HAVE_UNISTD_H 1
| #define HAVE_DLFCN_H 1
| #define LT_OBJDIR ".libs/"
| #define SIZEOF_VOID_P 8
| /* end confdefs.h.  */
| 
| /* Override any GCC internal prototype to avoid an error.
|    Use char because int might match the return type of a GCC
|    builtin and then its argument prototype would still apply.  */
| #ifdef __cplusplus
| extern "C"
| #endif
| char CRYPTO_new_ex_data ();
| int
| main ()
| {
| return CRYPTO_new_ex_data ();
|   ;
|   return 0;
| }
configure:13080: result: no
configure:13090: checking for OPENSSL_init_ssl in -lssl
configure:13115: g++ -o conftest -O2 -DNDEBUG -pthread -DKJ_HAS_ZLIB   conftest.cpp -lssl -lcrypto  -lpthread  >&5
/usr/bin/ld: cannot find -lssl
/usr/bin/ld: cannot find -lcrypto
collect2: error: ld returned 1 exit status
configure:13115: $? = 1
configure: failed program was:
| /* confdefs.h */
| #define PACKAGE_NAME "Capn Proto"
| #define PACKAGE_TARNAME "capnproto-c++"
| #define PACKAGE_VERSION "0.10.3"
| #define PACKAGE_STRING "Capn Proto 0.10.3"
| #define PACKAGE_BUGREPORT "capnproto@googlegroups.com"
| #define PACKAGE_URL ""
| #define PACKAGE "capnproto-c++"
| #define VERSION "0.10.3"
| #define HAVE_PTHREAD 1
| #define STDC_HEADERS 1
| #define HAVE_SYS_TYPES_H 1
| #define HAVE_SYS_STAT_H 1
| #define HAVE_STDLIB_H 1
| #define HAVE_STRING_H 1
| #define HAVE_MEMORY_H 1
| #define HAVE_STRINGS_H 1
| #define HAVE_INTTYPES_H 1
| #define HAVE_STDINT_H 1
| #define HAVE_UNISTD_H 1
| #define HAVE_DLFCN_H 1
| #define LT_OBJDIR ".libs/"
| #define SIZEOF_VOID_P 8
| /* end confdefs.h.  */
| 
| /* Override any GCC internal prototype to avoid an error.
|    Use char because int might match the return type of a GCC
|    builtin and then its argument prototype would still apply.  */
| #ifdef __cplusplus
| extern "C"
| #endif
| char OPENSSL_init_ssl ();
| int
| main ()
| {
| return OPENSSL_init_ssl ();
|   ;
|   return 0;
| }
configure:13124: result: no
configure:13134: checking openssl/ssl.h usability
configure:13134: g++ -c -O2 -DNDEBUG -pthread -DKJ_HAS_ZLIB  conftest.cpp >&5
conftest.cpp:58:10: fatal error: openssl/ssl.h: No such file or directory
   58 | #include <openssl/ssl.h>
      |          ^~~~~~~~~~~~~~~
compilation terminated.
configure:13134: $? = 1
configure: failed program was:
| /* confdefs.h */
| #define PACKAGE_NAME "Capn Proto"
| #define PACKAGE_TARNAME "capnproto-c++"
| #define PACKAGE_VERSION "0.10.3"
| #define PACKAGE_STRING "Capn Proto 0.10.3"
| #define PACKAGE_BUGREPORT "capnproto@googlegroups.com"
| #define PACKAGE_URL ""
| #define PACKAGE "capnproto-c++"
| #define VERSION "0.10.3"
| #define HAVE_PTHREAD 1
| #define STDC_HEADERS 1
| #define HAVE_SYS_TYPES_H 1
| #define HAVE_SYS_STAT_H 1
| #define HAVE_STDLIB_H 1
| #define HAVE_STRING_H 1
| #define HAVE_MEMORY_H 1
| #define HAVE_STRINGS_H 1
| #define HAVE_INTTYPES_H 1
| #define HAVE_STDINT_H 1
| #define HAVE_UNISTD_H 1
| #define HAVE_DLFCN_H 1
| #define LT_OBJDIR ".libs/"
| #define SIZEOF_VOID_P 8
| /* end confdefs.h.  */
| #include <stdio.h>
| #ifdef HAVE_SYS_TYPES_H
| # include <sys/types.h>
| #endif
| #ifdef HAVE_SYS_STAT_H
| # include <sys/stat.h>
| #endif
| #ifdef STDC_HEADERS
| # include <stdlib.h>
| # include <stddef.h>
| #else
| # ifdef HAVE_STDLIB_H
| #  include <stdlib.h>
| # endif
| #endif
| #ifdef HAVE_STRING_H
| # if !defined STDC_HEADERS && defined HAVE_MEMORY_H
| #  include <memory.h>
| # endif
| # include <string.h>
| #endif
| #ifdef HAVE_STRINGS_H
| # include <strings.h>
| #endif
| #ifdef HAVE_INTTYPES_H
| # include <inttypes.h>
| #endif
| #ifdef HAVE_STDINT_H
| # include <stdint.h>
| #endif
| #ifdef HAVE_UNISTD_H
| # include <unistd.h>
| #endif
| #include <openssl/ssl.h>
configure:13134: result: no
configure:13134: checking openssl/ssl.h presence
configure:13134: g++ -E  conftest.cpp
conftest.cpp:25:10: fatal error: openssl/ssl.h: No such file or directory
   25 | #include <openssl/ssl.h>
      |          ^~~~~~~~~~~~~~~
compilation terminated.
configure:13134: $? = 1
configure: failed program was:
| /* confdefs.h */
| #define PACKAGE_NAME "Capn Proto"
| #define PACKAGE_TARNAME "capnproto-c++"
| #define PACKAGE_VERSION "0.10.3"
| #define PACKAGE_STRING "Capn Proto 0.10.3"
| #define PACKAGE_BUGREPORT "capnproto@googlegroups.com"
| #define PACKAGE_URL ""
| #define PACKAGE "capnproto-c++"
| #define VERSION "0.10.3"
| #define HAVE_PTHREAD 1
| #define STDC_HEADERS 1
| #define HAVE_SYS_TYPES_H 1
| #define HAVE_SYS_STAT_H 1
| #define HAVE_STDLIB_H 1
| #define HAVE_STRING_H 1
| #define HAVE_MEMORY_H 1
| #define HAVE_STRINGS_H 1
| #define HAVE_INTTYPES_H 1
| #define HAVE_STDINT_H 1
| #define HAVE_UNISTD_H 1
| #define HAVE_DLFCN_H 1
| #define LT_OBJDIR ".libs/"
| #define SIZEOF_VOID_P 8
| /* end confdefs.h.  */
| #include <openssl/ssl.h>
configure:13134: result: no
configure:13134: checking for openssl/ssl.h
configure:13134: result: no
configure:13146: WARNING: "could not find OpenSSL -- won't build libkj-tls"
configure:13173: checking if exceptions are enabled
configure:13179: g++ -c -O2 -DNDEBUG -pthread -DKJ_HAS_ZLIB  conftest.cpp >&5
configure:13179: $? = 0
configure:13181: result: yes
configure:13217: checking for library containing makecontext
configure:13248: g++ -o conftest -O2 -DNDEBUG -pthread -DKJ_HAS_ZLIB   conftest.cpp  -lpthread  >&5
configure:13248: $? = 0
configure:13265: result: none required
configure:13491: checking that generated files are newer than configure
configure:13497: result: done
configure:13544: creating ./config.status

## ---------------------- ##
## Running config.status. ##
## ---------------------- ##

This file was extended by Capn Proto config.status 0.10.3, which was
generated by GNU Autoconf 2.69.  Invocation command line was

  CONFIG_FILES    = 
  CONFIG_HEADERS  = 
  CONFIG_LINKS    = 
  CONFIG_COMMANDS = 
  $ ./config.status 

on DESKTOP-43JRSFC

config.status:1187: creating Makefile
config.status:1187: creating pkgconfig/capnp.pc
config.status:1187: creating pkgconfig/capnpc.pc
config.status:1187: creating pkgconfig/capnp-rpc.pc
config.status:1187: creating pkgconfig/capnp-json.pc
config.status:1187: creating pkgconfig/capnp-websocket.pc
config.status:1187: creating pkgconfig/kj.pc
config.status:1187: creating pkgconfig/kj-async.pc
config.status:1187: creating pkgconfig/kj-http.pc
config.status:1187: creating pkgconfig/kj-gzip.pc
config.status:1187: creating pkgconfig/kj-tls.pc
config.status:1187: creating pkgconfig/kj-test.pc
config.status:1187: creating cmake/CapnProtoConfig.cmake
config.status:1187: creating cmake/CapnProtoConfigVersion.cmake
config.status:1187: creating config.h
config.status:1416: executing depfiles commands
config.status:1493: cd .       && sed -e '/# am--include-marker/d' Makefile         | make -f - am--depfiles
config.status:1498: $? = 0
config.status:1416: executing libtool commands

## ---------------- ##
## Cache variables. ##
## ---------------- ##

ac_cv_build=x86_64-pc-linux-gnu
ac_cv_c_compiler_gnu=yes
ac_cv_cxx_compiler_gnu=yes
ac_cv_env_CCC_set=
ac_cv_env_CCC_value=
ac_cv_env_CC_set=
ac_cv_env_CC_value=
ac_cv_env_CFLAGS_set=
ac_cv_env_CFLAGS_value=
ac_cv_env_CPPFLAGS_set=
ac_cv_env_CPPFLAGS_value=
ac_cv_env_CPP_set=
ac_cv_env_CPP_value=
ac_cv_env_CXXCPP_set=
ac_cv_env_CXXCPP_value=
ac_cv_env_CXXFLAGS_set=
ac_cv_env_CXXFLAGS_value=
ac_cv_env_CXX_set=
ac_cv_env_CXX_value=
ac_cv_env_LDFLAGS_set=
ac_cv_env_LDFLAGS_value=
ac_cv_env_LIBS_set=
ac_cv_env_LIBS_value=
ac_cv_env_LT_SYS_LIBRARY_PATH_set=
ac_cv_env_LT_SYS_LIBRARY_PATH_value=
ac_cv_env_build_alias_set=
ac_cv_env_build_alias_value=
ac_cv_env_host_alias_set=
ac_cv_env_host_alias_value=
ac_cv_env_target_alias_set=
ac_cv_env_target_alias_value=
ac_cv_header_dlfcn_h=yes
ac_cv_header_inttypes_h=yes
ac_cv_header_memory_h=yes
ac_cv_header_openssl_ssl_h=no
ac_cv_header_stdc=yes
ac_cv_header_stdint_h=yes
ac_cv_header_stdlib_h=yes
ac_cv_header_string_h=yes
ac_cv_header_strings_h=yes
ac_cv_header_sys_stat_h=yes
ac_cv_header_sys_types_h=yes
ac_cv_header_unistd_h=yes
ac_cv_header_zlib_h=yes
ac_cv_host=x86_64-pc-linux-gnu
ac_cv_lib_crypto_CRYPTO_new_ex_data=no
ac_cv_lib_ssl_OPENSSL_init_ssl=no
ac_cv_lib_z_deflate=yes
ac_cv_objext=o
ac_cv_path_EGREP='/usr/bin/grep -E'
ac_cv_path_FGREP='/usr/bin/grep -F'
ac_cv_path_GREP=/usr/bin/grep
ac_cv_path_SED=/usr/bin/sed
ac_cv_path_install='/usr/bin/install -c'
ac_cv_path_lt_DD=/usr/bin/dd
ac_cv_path_mkdir=/usr/bin/mkdir
ac_cv_prog_AWK=gawk
ac_cv_prog_CPP='gcc -E'
ac_cv_prog_CXXCPP='g++ -E'
ac_cv_prog_ac_ct_AR=ar
ac_cv_prog_ac_ct_CC=gcc
ac_cv_prog_ac_ct_CXX=g++
ac_cv_prog_ac_ct_MANIFEST_TOOL=mt
ac_cv_prog_ac_ct_OBJDUMP=objdump
ac_cv_prog_ac_ct_RANLIB=ranlib
ac_cv_prog_ac_ct_STRIP=strip
ac_cv_prog_cc_c89=
ac_cv_prog_cc_g=yes
ac_cv_prog_cxx_g=yes
ac_cv_prog_make_make_set=yes
ac_cv_search_makecontext='none required'
ac_cv_search_sched_yield='none required'
ac_cv_sizeof_void_p=8
am_cv_CC_dependencies_compiler_type=gcc3
am_cv_CXX_dependencies_compiler_type=gcc3
am_cv_make_support_nested_variables=yes
am_cv_prog_cc_c_o=yes
am_cv_prog_tar_ustar=gnutar
ax_cv_cxx_compile_cxx11_lib=yes
ax_cv_cxx_compile_cxx14=yes
lt_cv_ar_at_file=@
lt_cv_archive_cmds_need_lc=no
lt_cv_deplibs_check_method=pass_all
lt_cv_file_magic_cmd='$MAGIC_CMD'
lt_cv_file_magic_test_file=
lt_cv_ld_reload_flag=-r
lt_cv_nm_interface='BSD nm'
lt_cv_objdir=.libs
lt_cv_path_LD=/usr/bin/ld
lt_cv_path_LDCXX='/usr/bin/ld -m elf_x86_64'
lt_cv_path_NM='/usr/bin/nm -B'
lt_cv_path_mainfest_tool=no
lt_cv_prog_compiler_c_o=yes
lt_cv_prog_compiler_c_o_CXX=yes
lt_cv_prog_compiler_pic='-fPIC -DPIC'
lt_cv_prog_compiler_pic_CXX='-fPIC -DPIC'
lt_cv_prog_compiler_pic_works=yes
lt_cv_prog_compiler_pic_works_CXX=yes
lt_cv_prog_compiler_rtti_exceptions=no
lt_cv_prog_compiler_static_works=yes
lt_cv_prog_compiler_static_works_CXX=yes
lt_cv_prog_gnu_ld=yes
lt_cv_prog_gnu_ldcxx=yes
lt_cv_sharedlib_from_linklib_cmd='printf %s\n'
lt_cv_shlibpath_overrides_runpath=yes
lt_cv_sys_global_symbol_pipe='sed -n -e '\''s/^.*[	 ]\([ABCDGIRSTW][ABCDGIRSTW]*\)[	 ][	 ]*\([_A-Za-z][_A-Za-z0-9]*\)$/\1 \2 \2/p'\'' | sed '\''/ __gnu_lto/d'\'''
lt_cv_sys_global_symbol_to_c_name_address='sed -n -e '\''s/^: \(.*\) .*$/  {"\1", (void *) 0},/p'\'' -e '\''s/^[ABCDGIRSTW][ABCDGIRSTW]* .* \(.*\)$/  {"\1", (void *) \&\1},/p'\'''
lt_cv_sys_global_symbol_to_c_name_address_lib_prefix='sed -n -e '\''s/^: \(.*\) .*$/  {"\1", (void *) 0},/p'\'' -e '\''s/^[ABCDGIRSTW][ABCDGIRSTW]* .* \(lib.*\)$/  {"\1", (void *) \&\1},/p'\'' -e '\''s/^[ABCDGIRSTW][ABCDGIRSTW]* .* \(.*\)$/  {"lib\1", (void *) \&\1},/p'\'''
lt_cv_sys_global_symbol_to_cdecl='sed -n -e '\''s/^T .* \(.*\)$/extern int \1();/p'\'' -e '\''s/^[ABCDGIRSTW][ABCDGIRSTW]* .* \(.*\)$/extern char \1;/p'\'''
lt_cv_sys_global_symbol_to_import=
lt_cv_sys_max_cmd_len=1572864
lt_cv_to_host_file_cmd=func_convert_file_noop
lt_cv_to_tool_file_cmd=func_convert_file_noop
lt_cv_truncate_bin='/usr/bin/dd bs=4096 count=1'

## ----------------- ##
## Output variables. ##
## ----------------- ##

ACLOCAL='${SHELL} '\''/home/dane/dev/capnp_generic_poc/capnproto-c++-0.10.3/build-aux/missing'\'' aclocal-1.16'
AMDEPBACKSLASH='\'
AMDEP_FALSE='#'
AMDEP_TRUE=''
AMTAR='$${TAR-tar}'
AM_BACKSLASH='\'
AM_DEFAULT_V='$(AM_DEFAULT_VERBOSITY)'
AM_DEFAULT_VERBOSITY='1'
AM_V='$(V)'
AR='ar'
ASYNC_LIBS=''
AUTOCONF='${SHELL} '\''/home/dane/dev/capnp_generic_poc/capnproto-c++-0.10.3/build-aux/missing'\'' autoconf'
AUTOHEADER='${SHELL} '\''/home/dane/dev/capnp_generic_poc/capnproto-c++-0.10.3/build-aux/missing'\'' autoheader'
AUTOMAKE='${SHELL} '\''/home/dane/dev/capnp_generic_poc/capnproto-c++-0.10.3/build-aux/missing'\'' automake-1.16'
AWK='gawk'
BUILD_KJ_GZIP_FALSE='#'
BUILD_KJ_GZIP_TRUE=''
BUILD_KJ_TLS_FALSE=''
BUILD_KJ_TLS_TRUE='#'
CAPNP=''
CAPNPC_CXX=''
CAPNP_CMAKE_CONFIG_FILES='   cmake/CapnProtoConfig.cmake   cmake/CapnProtoConfigVersion.cmake '
CAPNP_LITE_FLAG=''
CAPNP_PKG_CONFIG_FILES='   pkgconfig/capnp.pc   pkgconfig/capnpc.pc   pkgconfig/capnp-rpc.pc   pkgconfig/capnp-json.pc   pkgconfig/capnp-websocket.pc   pkgconfig/kj.pc   pkgconfig/kj-async.pc   pkgconfig/kj-http.pc   pkgconfig/kj-gzip.pc   pkgconfig/kj-tls.pc   pkgconfig/kj-test.pc '
CC='gcc'
CCDEPMODE='depmode=gcc3'
CFLAGS='-O2 -DNDEBUG'
CMAKE_SIZEOF_VOID_P='8'
CPP='gcc -E'
CPPFLAGS=''
CXX='g++'
CXXCPP='g++ -E'
CXXDEPMODE='depmode=gcc3'
CXXFLAGS='-O2 -DNDEBUG -pthread -DKJ_HAS_ZLIB -DKJ_USE_FIBERS'
CYGPATH_W='echo'
DEFS='-DHAVE_CONFIG_H'
DEPDIR='.deps'
DLLTOOL='false'
DSYMUTIL=''
DUMPBIN=''
ECHO_C=''
ECHO_N='-n'
ECHO_T=''
EGREP='/usr/bin/grep -E'
EXEEXT=''
FGREP='/usr/bin/grep -F'
GREP='/usr/bin/grep'
HAS_FUZZING_ENGINE_FALSE=''
HAS_FUZZING_ENGINE_TRUE='#'
INSTALL_DATA='${INSTALL} -m 644'
INSTALL_PROGRAM='${INSTALL}'
INSTALL_SCRIPT='${INSTALL}'
INSTALL_STRIP_PROGRAM='$(install_sh) -c -s'
LD='/usr/bin/ld -m elf_x86_64'
LDFLAGS=''
LIBOBJS=''
LIBS=' -lpthread '
LIBTOOL='$(SHELL) $(top_builddir)/libtool'
LIPO=''
LITE_MODE_FALSE=''
LITE_MODE_TRUE='#'
LN_S='ln -s'
LTLIBOBJS=''
LT_SYS_LIBRARY_PATH=''
MAKEINFO='${SHELL} '\''/home/dane/dev/capnp_generic_poc/capnproto-c++-0.10.3/build-aux/missing'\'' makeinfo'
MANIFEST_TOOL=':'
MKDIR_P='/usr/bin/mkdir -p'
NM='/usr/bin/nm -B'
NMEDIT=''
OBJDUMP='objdump'
OBJEXT='o'
OTOOL64=''
OTOOL=''
PACKAGE='capnproto-c++'
PACKAGE_BUGREPORT='capnproto@googlegroups.com'
PACKAGE_CMAKE_INSTALL_FULL_INCLUDEDIR='${CMAKE_CURRENT_LIST_DIR}/../../../include'
PACKAGE_INIT='set(CAPNP_PKG_CONFIG_FILES    pkgconfig/capnp.pc   pkgconfig/capnpc.pc   pkgconfig/capnp-rpc.pc   pkgconfig/capnp-json.pc   pkgconfig/capnp-websocket.pc   pkgconfig/kj.pc   pkgconfig/kj-async.pc   pkgconfig/kj-http.pc   pkgconfig/kj-gzip.pc   pkgconfig/kj-tls.pc   pkgconfig/kj-test.pc )'
PACKAGE_NAME='Capn Proto'
PACKAGE_STRING='Capn Proto 0.10.3'
PACKAGE_TARNAME='capnproto-c++'
PACKAGE_URL=''
PACKAGE_VERSION='0.10.3'
PATH_SEPARATOR=':'
PTHREAD_CC='gcc'
PTHREAD_CFLAGS='-pthread'
PTHREAD_LIBS=' -lpthread'
RANLIB='ranlib'
SED='/usr/bin/sed'
SET_MAKE=''
SHELL='/bin/bash'
SO_VERSION='0.10.3'
STDLIB_FLAG=''
STRIP='strip'
USE_EXTERNAL_CAPNP_FALSE=''
USE_EXTERNAL_CAPNP_TRUE='#'
VERSION='0.10.3'
WITH_OPENSSL='NO'
_WITH_LIBUCONTEXT='NO'
ac_ct_AR='ar'
ac_ct_CC='gcc'
ac_ct_CXX='g++'
ac_ct_DUMPBIN=''
acx_pthread_config=''
am__EXEEXT_FALSE=''
am__EXEEXT_TRUE='#'
am__fastdepCC_FALSE='#'
am__fastdepCC_TRUE=''
am__fastdepCXX_FALSE='#'
am__fastdepCXX_TRUE=''
am__include='include'
am__isrc=''
am__leading_dot='.'
am__nodep='_no'
am__quote=''
am__tar='tar --format=ustar -chf - "$$tardir"'
am__untar='tar -xf -'
bindir='${exec_prefix}/bin'
build='x86_64-pc-linux-gnu'
build_alias=''
build_cpu='x86_64'
build_os='linux-gnu'
build_vendor='pc'
datadir='${datarootdir}'
datarootdir='${prefix}/share'
docdir='${datarootdir}/doc/${PACKAGE_TARNAME}'
dvidir='${docdir}'
exec_prefix='${prefix}'
host='x86_64-pc-linux-gnu'
host_alias=''
host_cpu='x86_64'
host_os='linux-gnu'
host_vendor='pc'
htmldir='${docdir}'
includedir='${prefix}/include'
infodir='${datarootdir}/info'
install_sh='${SHELL} /home/dane/dev/capnp_generic_poc/capnproto-c++-0.10.3/build-aux/install-sh'
libdir='${exec_prefix}/lib'
libexecdir='${exec_prefix}/libexec'
localedir='${datarootdir}/locale'
localstatedir='${prefix}/var'
mandir='${datarootdir}/man'
mkdir_p='$(MKDIR_P)'
oldincludedir='/usr/include'
pdfdir='${docdir}'
prefix='/usr/local'
program_transform_name='s,x,x,'
psdir='${docdir}'
runstatedir='${localstatedir}/run'
sbindir='${exec_prefix}/sbin'
sharedstatedir='${prefix}/com'
sysconfdir='${prefix}/etc'
target_alias=''

## ----------- ##
## confdefs.h. ##
## ----------- ##

/* confdefs.h */
#define PACKAGE_NAME "Capn Proto"
#define PACKAGE_TARNAME "capnproto-c++"
#define PACKAGE_VERSION "0.10.3"
#define PACKAGE_STRING "Capn Proto 0.10.3"
#define PACKAGE_BUGREPORT "capnproto@googlegroups.com"
#define PACKAGE_URL ""
#define PACKAGE "capnproto-c++"
#define VERSION "0.10.3"
#define HAVE_PTHREAD 1
#define STDC_HEADERS 1
#define HAVE_SYS_TYPES_H 1
#define HAVE_SYS_STAT_H 1
#define HAVE_STDLIB_H 1
#define HAVE_STRING_H 1
#define HAVE_MEMORY_H 1
#define HAVE_STRINGS_H 1
#define HAVE_INTTYPES_H 1
#define HAVE_STDINT_H 1
#define HAVE_UNISTD_H 1
#define HAVE_DLFCN_H 1
#define LT_OBJDIR ".libs/"
#define SIZEOF_VOID_P 8

configure: exit 0
